[debug] [2020-11-29T04:49:19.026Z] ----------------------------------------------------------------------
[debug] [2020-11-29T04:49:19.034Z] Command:       C:\Program Files\nodejs\node.exe C:\Users\88017\AppData\Roaming\npm\node_modules\firebase-tools\lib\bin\firebase.js init
[debug] [2020-11-29T04:49:19.035Z] CLI Version:   8.16.2
[debug] [2020-11-29T04:49:19.035Z] Platform:      win32
[debug] [2020-11-29T04:49:19.036Z] Node Version:  v12.16.1
[debug] [2020-11-29T04:49:19.039Z] Time:          Sun Nov 29 2020 10:49:19 GMT+0600 (Bangladesh Standard Time)
[debug] [2020-11-29T04:49:19.040Z] ----------------------------------------------------------------------
[debug] [2020-11-29T04:49:19.040Z] 
[debug] [2020-11-29T04:49:19.098Z] > command requires scopes: ["email","openid","https://www.googleapis.com/auth/cloudplatformprojects.readonly","https://www.googleapis.com/auth/firebase","https://www.googleapis.com/auth/cloud-platform"]
[debug] [2020-11-29T04:49:19.100Z] > authorizing via signed-in user
[info] 
     ######## #### ########  ######## ########     ###     ######  ########
     ##        ##  ##     ## ##       ##     ##  ##   ##  ##       ##
     ######    ##  ########  ######   ########  #########  ######  ######
     ##        ##  ##    ##  ##       ##     ## ##     ##       ## ##
     ##       #### ##     ## ######## ########  ##     ##  ######  ########

You're about to initialize a Firebase project in this directory:

  C:\Web-Developing\project\instagram-clone

Before we get started, keep in mind:

  * You are currently outside your home directory

